Copyright 1986-2022 Xilinx, Inc. All Rights Reserved. Copyright 2022-2025 Advanced Micro Devices, Inc. All Rights Reserved.
---------------------------------------------------------------------------------------------------------------------------------------------
| Tool Version : Vivado v.2025.1 (win64) Build 6140274 Thu May 22 00:12:29 MDT 2025
| Date         : Fri Oct 31 16:31:02 2025
| Host         : ShashwatPC running 64-bit major release  (build 9200)
| Command      : report_control_sets -verbose -file PROCESSOR_control_sets_placed.rpt
| Design       : PROCESSOR
| Device       : xc7z020
---------------------------------------------------------------------------------------------------------------------------------------------

Control Set Information

Table of Contents
-----------------
1. Summary
2. Histogram
3. Flip-Flop Distribution
4. Detailed Control Set Information

1. Summary
----------

+----------------------------------------------------------+-------+
|                          Status                          | Count |
+----------------------------------------------------------+-------+
| Total control sets                                       |    15 |
|    Minimum number of control sets                        |    15 |
|    Addition due to synthesis replication                 |     0 |
|    Addition due to physical synthesis replication        |     0 |
| Unused register locations in slices containing registers |     9 |
+----------------------------------------------------------+-------+
* Control sets can be merged at opt_design using control_set_merge or merge_equivalent_drivers
** Run report_qor_suggestions for automated merging and remapping suggestions


2. Histogram
------------

+--------------------+-------+
|       Fanout       | Count |
+--------------------+-------+
| Total control sets |    15 |
| >= 0 to < 4        |     0 |
| >= 4 to < 6        |     0 |
| >= 6 to < 8        |     0 |
| >= 8 to < 10       |     1 |
| >= 10 to < 12      |     0 |
| >= 12 to < 14      |     0 |
| >= 14 to < 16      |     0 |
| >= 16              |    14 |
+--------------------+-------+
* Control sets can be remapped at either synth_design or opt_design


3. Flip-Flop Distribution
-------------------------

+--------------+-----------------------+------------------------+-----------------+--------------+
| Clock Enable | Synchronous Set/Reset | Asynchronous Set/Reset | Total Registers | Total Slices |
+--------------+-----------------------+------------------------+-----------------+--------------+
| No           | No                    | No                     |               0 |            0 |
| No           | No                    | Yes                    |             385 |          109 |
| No           | Yes                   | No                     |               0 |            0 |
| Yes          | No                    | No                     |               0 |            0 |
| Yes          | No                    | Yes                    |             118 |           28 |
| Yes          | Yes                   | No                     |             224 |           81 |
+--------------+-----------------------+------------------------+-----------------+--------------+


4. Detailed Control Set Information
-----------------------------------

+------------------+------------------------------------------+------------------+------------------+----------------+--------------+
|   Clock Signal   |               Enable Signal              | Set/Reset Signal | Slice Load Count | Bel Load Count | Bels / Slice |
+------------------+------------------------------------------+------------------+------------------+----------------+--------------+
|  clock_IBUF_BUFG | ex_mem_reg_inst/E[0]                     | reset_IBUF       |                4 |              8 |         2.00 |
|  clock_IBUF_BUFG | id_ex_reg_inst/E[0]                      | reset_IBUF       |               11 |             32 |         2.91 |
|  clock_IBUF_BUFG | mem_wb_reg_inst/E[0]                     | reset_IBUF       |               14 |             32 |         2.29 |
|  clock_IBUF_BUFG | mem_wb_reg_inst/wb_RegWrite_reg_1[0]     | reset_IBUF       |               13 |             32 |         2.46 |
|  clock_IBUF_BUFG | mem_wb_reg_inst/wb_RegWrite_reg_0[0]     | reset_IBUF       |               10 |             32 |         3.20 |
|  clock_IBUF_BUFG | mem_wb_reg_inst/wb_RegWrite_reg_4[0]     | reset_IBUF       |                8 |             32 |         4.00 |
|  clock_IBUF_BUFG | mem_wb_reg_inst/wb_RegWrite_reg_5[0]     | reset_IBUF       |                7 |             32 |         4.57 |
|  clock_IBUF_BUFG | mem_wb_reg_inst/wb_RegWrite_reg_3[0]     | reset_IBUF       |               19 |             32 |         1.68 |
|  clock_IBUF_BUFG | mem_wb_reg_inst/wb_RegWrite_reg_2[0]     | reset_IBUF       |               10 |             32 |         3.20 |
|  clock_IBUF_BUFG | id_ex_reg_inst/ex_Branch_reg_2[0]        | reset_IBUF       |               13 |             78 |         6.00 |
|  clock_IBUF_BUFG | ex_mem_reg_inst/mem_alu_result_reg[11]_0 |                  |               32 |            128 |         4.00 |
|  clock_IBUF_BUFG | ex_mem_reg_inst/mem_alu_result_reg[10]_0 |                  |               32 |            128 |         4.00 |
|  clock_IBUF_BUFG | ex_mem_reg_inst/mem_MemWrite_reg_0       |                  |               32 |            128 |         4.00 |
|  clock_IBUF_BUFG | ex_mem_reg_inst/mem_MemWrite_reg_1       |                  |               32 |            128 |         4.00 |
|  clock_IBUF_BUFG |                                          | reset_IBUF       |              109 |            385 |         3.53 |
+------------------+------------------------------------------+------------------+------------------+----------------+--------------+


