
*** Running vivado
    with args -log PROCESSOR.vdi -applog -m64 -product Vivado -messageDb vivado.pb -mode batch -source PROCESSOR.tcl -notrace



****** Vivado v2025.1 (64-bit)
  **** SW Build 6140274 on Thu May 22 00:12:29 MDT 2025
  **** IP Build 6138677 on Thu May 22 03:10:11 MDT 2025
  **** SharedData Build 6139179 on Tue May 20 17:58:58 MDT 2025
  **** Start of session at: Fri Oct 31 16:30:02 2025
    ** Copyright 1986-2022 Xilinx, Inc. All Rights Reserved.
    ** Copyright 2022-2025 Advanced Micro Devices, Inc. All Rights Reserved.

source PROCESSOR.tcl -notrace
create_project: Time (s): cpu = 00:00:15 ; elapsed = 00:00:09 . Memory (MB): peak = 498.434 ; gain = 212.547
Command: link_design -top PROCESSOR -part xc7z020clg484-1
Design is defaulting to srcset: sources_1
Design is defaulting to constrset: constrs_1
INFO: [Device 21-403] Loading part xc7z020clg484-1
Netlist sorting complete. Time (s): cpu = 00:00:00 ; elapsed = 00:00:00.023 . Memory (MB): peak = 743.535 ; gain = 0.000
INFO: [Netlist 29-17] Analyzing 209 Unisim elements for replacement
INFO: [Netlist 29-28] Unisim Transformation completed in 0 CPU seconds
INFO: [Project 1-479] Netlist was created with Vivado 2025.1
INFO: [Project 1-570] Preparing netlist for logic optimization
Parsing XDC File [C:/Users/shash/RISC_V32bit/RISC_V32bit.srcs/constrs_1/new/risc.xdc]
Finished Parsing XDC File [C:/Users/shash/RISC_V32bit/RISC_V32bit.srcs/constrs_1/new/risc.xdc]
INFO: [Opt 31-138] Pushed 0 inverter(s) to 0 load pin(s).
Netlist sorting complete. Time (s): cpu = 00:00:00 ; elapsed = 00:00:00.001 . Memory (MB): peak = 873.281 ; gain = 0.000
INFO: [Project 1-111] Unisim Transformation Summary:
  A total of 128 instances were transformed.
  RAM256X1S => RAM256X1S (MUXF7(x2), MUXF8, RAMS64E(x4)): 128 instances

7 Infos, 0 Warnings, 0 Critical Warnings and 0 Errors encountered.
link_design completed successfully
link_design: Time (s): cpu = 00:00:07 ; elapsed = 00:00:09 . Memory (MB): peak = 873.281 ; gain = 374.848
Command: opt_design
Attempting to get a license for feature 'Implementation' and/or device 'xc7z020'
INFO: [Common 17-349] Got license for feature 'Implementation' and/or device 'xc7z020'
Running DRC as a precondition to command opt_design

Starting DRC Task
INFO: [DRC 23-27] Running DRC with 2 threads
INFO: [Project 1-461] DRC finished with 0 Errors
INFO: [Project 1-462] Please refer to the DRC report (report_drc) for more information.

Time (s): cpu = 00:00:03 ; elapsed = 00:00:02 . Memory (MB): peak = 923.785 ; gain = 50.504

Starting Cache Timing Information Task
INFO: [Timing 38-35] Done setting XDC timing constraints.
Ending Cache Timing Information Task | Checksum: 1ff300b7b

Time (s): cpu = 00:00:11 ; elapsed = 00:00:12 . Memory (MB): peak = 1410.824 ; gain = 487.039

Starting Logic Optimization Task

Phase 1 Initialization

Phase 1.1 Core Generation And Design Setup
Phase 1.1 Core Generation And Design Setup | Checksum: 1ff300b7b

Time (s): cpu = 00:00:00 ; elapsed = 00:00:00.006 . Memory (MB): peak = 1838.535 ; gain = 0.000

Phase 1.2 Setup Constraints And Sort Netlist
Phase 1.2 Setup Constraints And Sort Netlist | Checksum: 1ff300b7b

Time (s): cpu = 00:00:00 ; elapsed = 00:00:00.015 . Memory (MB): peak = 1838.535 ; gain = 0.000
Phase 1 Initialization | Checksum: 1ff300b7b

Time (s): cpu = 00:00:00 ; elapsed = 00:00:00.016 . Memory (MB): peak = 1838.535 ; gain = 0.000

Phase 2 Timer Update And Timing Data Collection

Phase 2.1 Timer Update
Phase 2.1 Timer Update | Checksum: 1ff300b7b

Time (s): cpu = 00:00:01 ; elapsed = 00:00:00.151 . Memory (MB): peak = 1838.535 ; gain = 0.000

Phase 2.2 Timing Data Collection
Phase 2.2 Timing Data Collection | Checksum: 1ff300b7b

Time (s): cpu = 00:00:01 ; elapsed = 00:00:00.165 . Memory (MB): peak = 1838.535 ; gain = 0.000
Phase 2 Timer Update And Timing Data Collection | Checksum: 1ff300b7b

Time (s): cpu = 00:00:01 ; elapsed = 00:00:00.166 . Memory (MB): peak = 1838.535 ; gain = 0.000

Phase 3 Retarget
INFO: [Opt 31-1851] Number of loadless carry chains removed were: 0
INFO: [Opt 31-1834] Total Chains To Be Transformed Were: 0 AND Number of Transformed insts Created are: 0
INFO: [Opt 31-1566] Pulled 11 inverters resulting in an inversion of 287 pins
INFO: [Opt 31-138] Pushed 0 inverter(s) to 0 load pin(s).
INFO: [Opt 31-49] Retargeted 0 cell(s).
Phase 3 Retarget | Checksum: 17a75722a

Time (s): cpu = 00:00:01 ; elapsed = 00:00:00.257 . Memory (MB): peak = 1838.535 ; gain = 0.000
Retarget | Checksum: 17a75722a
INFO: [Opt 31-389] Phase Retarget created 0 cells and removed 11 cells

Phase 4 Constant propagation
INFO: [Opt 31-138] Pushed 0 inverter(s) to 0 load pin(s).
Phase 4 Constant propagation | Checksum: 134e2d892

Time (s): cpu = 00:00:01 ; elapsed = 00:00:00.284 . Memory (MB): peak = 1838.535 ; gain = 0.000
Constant propagation | Checksum: 134e2d892
INFO: [Opt 31-389] Phase Constant propagation created 0 cells and removed 0 cells

Phase 5 Sweep
INFO: [Constraints 18-11670] Building netlist checker database with flags, 0x8
Done building netlist checker database: Time (s): cpu = 00:00:00 ; elapsed = 00:00:00.001 . Memory (MB): peak = 1838.535 ; gain = 0.000
Phase 5 Sweep | Checksum: dfca41f7

Time (s): cpu = 00:00:01 ; elapsed = 00:00:00.335 . Memory (MB): peak = 1838.535 ; gain = 0.000
Sweep | Checksum: dfca41f7
INFO: [Opt 31-389] Phase Sweep created 0 cells and removed 0 cells

Phase 6 BUFG optimization
Phase 6 BUFG optimization | Checksum: dfca41f7

Time (s): cpu = 00:00:01 ; elapsed = 00:00:00.396 . Memory (MB): peak = 1838.535 ; gain = 0.000
BUFG optimization | Checksum: dfca41f7
INFO: [Opt 31-662] Phase BUFG optimization created 0 cells of which 0 are BUFGs and removed 0 cells.

Phase 7 Shift Register Optimization
INFO: [Opt 31-1064] SRL Remap converted 0 SRLs to 0 registers and converted 0 registers of register chains to 0 SRLs
Phase 7 Shift Register Optimization | Checksum: dfca41f7

Time (s): cpu = 00:00:01 ; elapsed = 00:00:00.404 . Memory (MB): peak = 1838.535 ; gain = 0.000
Shift Register Optimization | Checksum: dfca41f7
INFO: [Opt 31-389] Phase Shift Register Optimization created 0 cells and removed 0 cells

Phase 8 Post Processing Netlist
Phase 8 Post Processing Netlist | Checksum: dfca41f7

Time (s): cpu = 00:00:01 ; elapsed = 00:00:00.415 . Memory (MB): peak = 1838.535 ; gain = 0.000
Post Processing Netlist | Checksum: dfca41f7
INFO: [Opt 31-389] Phase Post Processing Netlist created 0 cells and removed 0 cells

Phase 9 Finalization

Phase 9.1 Finalizing Design Cores and Updating Shapes
Phase 9.1 Finalizing Design Cores and Updating Shapes | Checksum: 196d4dd37

Time (s): cpu = 00:00:01 ; elapsed = 00:00:00.463 . Memory (MB): peak = 1838.535 ; gain = 0.000

Phase 9.2 Verifying Netlist Connectivity

Starting Connectivity Check Task

Time (s): cpu = 00:00:00 ; elapsed = 00:00:00.019 . Memory (MB): peak = 1838.535 ; gain = 0.000
Phase 9.2 Verifying Netlist Connectivity | Checksum: 196d4dd37

Time (s): cpu = 00:00:01 ; elapsed = 00:00:00.485 . Memory (MB): peak = 1838.535 ; gain = 0.000
Phase 9 Finalization | Checksum: 196d4dd37

Time (s): cpu = 00:00:01 ; elapsed = 00:00:00.486 . Memory (MB): peak = 1838.535 ; gain = 0.000
Opt_design Change Summary
=========================


-------------------------------------------------------------------------------------------------------------------------
|  Phase                        |  #Cells created  |  #Cells Removed  |  #Constrained objects preventing optimizations  |
-------------------------------------------------------------------------------------------------------------------------
|  Retarget                     |               0  |              11  |                                              0  |
|  Constant propagation         |               0  |               0  |                                              0  |
|  Sweep                        |               0  |               0  |                                              0  |
|  BUFG optimization            |               0  |               0  |                                              0  |
|  Shift Register Optimization  |               0  |               0  |                                              0  |
|  Post Processing Netlist      |               0  |               0  |                                              0  |
-------------------------------------------------------------------------------------------------------------------------


Ending Logic Optimization Task | Checksum: 196d4dd37

Time (s): cpu = 00:00:01 ; elapsed = 00:00:00.491 . Memory (MB): peak = 1838.535 ; gain = 0.000

Starting Power Optimization Task
INFO: [Pwropt 34-132] Skipping clock gating for clocks with a period < 2.00 ns.
Ending Power Optimization Task | Checksum: 196d4dd37

Time (s): cpu = 00:00:00 ; elapsed = 00:00:00.028 . Memory (MB): peak = 1838.535 ; gain = 0.000

Starting Final Cleanup Task
Ending Final Cleanup Task | Checksum: 196d4dd37

Time (s): cpu = 00:00:00 ; elapsed = 00:00:00.001 . Memory (MB): peak = 1838.535 ; gain = 0.000

Starting Netlist Obfuscation Task
Netlist sorting complete. Time (s): cpu = 00:00:00 ; elapsed = 00:00:00.003 . Memory (MB): peak = 1838.535 ; gain = 0.000
Ending Netlist Obfuscation Task | Checksum: 196d4dd37

Time (s): cpu = 00:00:00 ; elapsed = 00:00:00.004 . Memory (MB): peak = 1838.535 ; gain = 0.000
INFO: [Common 17-83] Releasing license: Implementation
28 Infos, 0 Warnings, 0 Critical Warnings and 0 Errors encountered.
opt_design completed successfully
opt_design: Time (s): cpu = 00:00:20 ; elapsed = 00:00:20 . Memory (MB): peak = 1838.535 ; gain = 965.254
INFO: [Vivado 12-24828] Executing command : report_drc -file PROCESSOR_drc_opted.rpt -pb PROCESSOR_drc_opted.pb -rpx PROCESSOR_drc_opted.rpx
Command: report_drc -file PROCESSOR_drc_opted.rpt -pb PROCESSOR_drc_opted.pb -rpx PROCESSOR_drc_opted.rpx
INFO: [IP_Flow 19-234] Refreshing IP repositories
INFO: [IP_Flow 19-1704] No user IP repositories specified
INFO: [IP_Flow 19-2313] Loaded Vivado IP repository 'D:/vivado/2025.1/Vivado/data/ip'.
INFO: [DRC 23-27] Running DRC with 2 threads
INFO: [Vivado_Tcl 2-168] The results of DRC are in file C:/Users/shash/RISC_V32bit/RISC_V32bit.runs/impl_1/PROCESSOR_drc_opted.rpt.
report_drc completed successfully
INFO: [Timing 38-480] Writing timing data to binary archive.
Wrote PlaceDB: Time (s): cpu = 00:00:00 ; elapsed = 00:00:00.004 . Memory (MB): peak = 1838.535 ; gain = 0.000
Write ShapeDB Complete: Time (s): cpu = 00:00:00 ; elapsed = 00:00:00.024 . Memory (MB): peak = 1838.535 ; gain = 0.000
Wrote PulsedLatchDB: Time (s): cpu = 00:00:00 ; elapsed = 00:00:00 . Memory (MB): peak = 1838.535 ; gain = 0.000
Writing XDEF routing.
Writing XDEF routing logical nets.
Writing XDEF routing special nets.
Wrote RouteStorage: Time (s): cpu = 00:00:00 ; elapsed = 00:00:00.060 . Memory (MB): peak = 1838.535 ; gain = 0.000
Wrote Netlist Cache: Time (s): cpu = 00:00:00 ; elapsed = 00:00:00.001 . Memory (MB): peak = 1838.535 ; gain = 0.000
Wrote Device Cache: Time (s): cpu = 00:00:01 ; elapsed = 00:00:00.033 . Memory (MB): peak = 1838.535 ; gain = 0.000
Write Physdb Complete: Time (s): cpu = 00:00:01 ; elapsed = 00:00:00.131 . Memory (MB): peak = 1838.535 ; gain = 0.000
INFO: [Common 17-1381] The checkpoint 'C:/Users/shash/RISC_V32bit/RISC_V32bit.runs/impl_1/PROCESSOR_opt.dcp' has been generated.
Command: place_design
Attempting to get a license for feature 'Implementation' and/or device 'xc7z020'
INFO: [Common 17-349] Got license for feature 'Implementation' and/or device 'xc7z020'
INFO: [Common 17-83] Releasing license: Implementation
INFO: [DRC 23-27] Running DRC with 2 threads
INFO: [Vivado_Tcl 4-198] DRC finished with 0 Errors
INFO: [Vivado_Tcl 4-199] Please refer to the DRC report (report_drc) for more information.
Running DRC as a precondition to command place_design
INFO: [DRC 23-27] Running DRC with 2 threads
INFO: [Vivado_Tcl 4-198] DRC finished with 0 Errors
INFO: [Vivado_Tcl 4-199] Please refer to the DRC report (report_drc) for more information.
INFO: [Place 30-611] Multithreading enabled for place_design using a maximum of 2 CPUs

Starting Placer Task

Phase 1 Placer Initialization

Phase 1.1 Placer Initialization Netlist Sorting
Netlist sorting complete. Time (s): cpu = 00:00:00 ; elapsed = 00:00:00.002 . Memory (MB): peak = 1838.535 ; gain = 0.000
Phase 1.1 Placer Initialization Netlist Sorting | Checksum: e15332cd

Time (s): cpu = 00:00:00 ; elapsed = 00:00:00.017 . Memory (MB): peak = 1838.535 ; gain = 0.000
Netlist sorting complete. Time (s): cpu = 00:00:00 ; elapsed = 00:00:00.003 . Memory (MB): peak = 1838.535 ; gain = 0.000

Phase 1.2 IO Placement/ Clock Placement/ Build Placer Device
INFO: [Timing 38-35] Done setting XDC timing constraints.
Phase 1.2 IO Placement/ Clock Placement/ Build Placer Device | Checksum: 19c61417d

Time (s): cpu = 00:00:01 ; elapsed = 00:00:00.706 . Memory (MB): peak = 1838.535 ; gain = 0.000

Phase 1.3 Build Placer Netlist Model
Phase 1.3 Build Placer Netlist Model | Checksum: 205f25531

Time (s): cpu = 00:00:03 ; elapsed = 00:00:02 . Memory (MB): peak = 1838.535 ; gain = 0.000

Phase 1.4 Constrain Clocks/Macros
Phase 1.4 Constrain Clocks/Macros | Checksum: 205f25531

Time (s): cpu = 00:00:03 ; elapsed = 00:00:02 . Memory (MB): peak = 1838.535 ; gain = 0.000
Phase 1 Placer Initialization | Checksum: 205f25531

Time (s): cpu = 00:00:03 ; elapsed = 00:00:02 . Memory (MB): peak = 1838.535 ; gain = 0.000

Phase 2 Global Placement

Phase 2.1 Floorplanning
Phase 2.1 Floorplanning | Checksum: 1dab524a4

Time (s): cpu = 00:00:03 ; elapsed = 00:00:02 . Memory (MB): peak = 1838.535 ; gain = 0.000

Phase 2.2 Update Timing before SLR Path Opt
Phase 2.2 Update Timing before SLR Path Opt | Checksum: 281bd121c

Time (s): cpu = 00:00:04 ; elapsed = 00:00:02 . Memory (MB): peak = 1838.535 ; gain = 0.000

Phase 2.3 Post-Processing in Floorplanning
Phase 2.3 Post-Processing in Floorplanning | Checksum: 281bd121c

Time (s): cpu = 00:00:04 ; elapsed = 00:00:03 . Memory (MB): peak = 1838.535 ; gain = 0.000

Phase 2.4 Global Place Phase1
Phase 2.4 Global Place Phase1 | Checksum: 2a1db0c72

Time (s): cpu = 00:00:08 ; elapsed = 00:00:05 . Memory (MB): peak = 1838.535 ; gain = 0.000

Phase 2.5 Global Place Phase2

Phase 2.5.1 UpdateTiming Before Physical Synthesis
Phase 2.5.1 UpdateTiming Before Physical Synthesis | Checksum: 2cfab8fbc

Time (s): cpu = 00:00:08 ; elapsed = 00:00:05 . Memory (MB): peak = 1838.535 ; gain = 0.000

Phase 2.5.2 Physical Synthesis In Placer
INFO: [Physopt 32-1035] Found 7 LUTNM shape to break, 25 LUT instances to create LUTNM shape
INFO: [Physopt 32-1044] Break lutnm for timing: one critical 7, two critical 0, total 7, new lutff created 0
INFO: [Physopt 32-1138] End 1 Pass. Optimized 15 nets or LUTs. Breaked 7 LUTs, combined 8 existing LUTs and moved 0 existing LUT
INFO: [Physopt 32-65] No nets found for high-fanout optimization.
INFO: [Physopt 32-232] Optimized 0 net. Created 0 new instance.
INFO: [Physopt 32-775] End 1 Pass. Optimized 0 net or cell. Created 0 new cell, deleted 0 existing cell and moved 0 existing cell
INFO: [Physopt 32-456] No candidate cells for DSP register optimization found in the design.
INFO: [Physopt 32-775] End 2 Pass. Optimized 0 net or cell. Created 0 new cell, deleted 0 existing cell and moved 0 existing cell
INFO: [Physopt 32-1123] No candidate cells found for Shift Register to Pipeline optimization
INFO: [Physopt 32-775] End 2 Pass. Optimized 0 net or cell. Created 0 new cell, deleted 0 existing cell and moved 0 existing cell
INFO: [Physopt 32-1401] No candidate cells found for Shift Register optimization.
INFO: [Physopt 32-677] No candidate cells for Shift Register optimization found in the design
INFO: [Physopt 32-775] End 1 Pass. Optimized 0 net or cell. Created 0 new cell, deleted 0 existing cell and moved 0 existing cell
INFO: [Physopt 32-526] No candidate cells for BRAM register optimization found in the design
INFO: [Physopt 32-775] End 1 Pass. Optimized 0 net or cell. Created 0 new cell, deleted 0 existing cell and moved 0 existing cell
INFO: [Physopt 32-846] No candidate cells for URAM register optimization found in the design
INFO: [Physopt 32-775] End 1 Pass. Optimized 0 net or cell. Created 0 new cell, deleted 0 existing cell and moved 0 existing cell
INFO: [Physopt 32-846] No candidate cells for URAM register optimization found in the design
INFO: [Physopt 32-775] End 1 Pass. Optimized 0 net or cell. Created 0 new cell, deleted 0 existing cell and moved 0 existing cell
INFO: [Physopt 32-949] No candidate nets found for dynamic/static region interface net replication
INFO: [Physopt 32-775] End 1 Pass. Optimized 0 net or cell. Created 0 new cell, deleted 0 existing cell and moved 0 existing cell
Netlist sorting complete. Time (s): cpu = 00:00:00 ; elapsed = 00:00:00.001 . Memory (MB): peak = 1838.535 ; gain = 0.000

Summary of Physical Synthesis Optimizations
============================================


-----------------------------------------------------------------------------------------------------------------------------------------------------------
|  Optimization                                     |  Added Cells  |  Removed Cells  |  Optimized Cells/Nets  |  Dont Touch  |  Iterations  |  Elapsed   |
-----------------------------------------------------------------------------------------------------------------------------------------------------------
|  LUT Combining                                    |            7  |              8  |                    15  |           0  |           1  |  00:00:00  |
|  Retime                                           |            0  |              0  |                     0  |           0  |           1  |  00:00:00  |
|  Very High Fanout                                 |            0  |              0  |                     0  |           0  |           1  |  00:00:00  |
|  DSP Register                                     |            0  |              0  |                     0  |           0  |           1  |  00:00:00  |
|  Shift Register to Pipeline                       |            0  |              0  |                     0  |           0  |           1  |  00:00:00  |
|  Shift Register                                   |            0  |              0  |                     0  |           0  |           1  |  00:00:00  |
|  BRAM Register                                    |            0  |              0  |                     0  |           0  |           1  |  00:00:00  |
|  URAM Register                                    |            0  |              0  |                     0  |           0  |           1  |  00:00:00  |
|  Dynamic/Static Region Interface Net Replication  |            0  |              0  |                     0  |           0  |           1  |  00:00:00  |
|  Total                                            |            7  |              8  |                    15  |           0  |           9  |  00:00:00  |
-----------------------------------------------------------------------------------------------------------------------------------------------------------


Phase 2.5.2 Physical Synthesis In Placer | Checksum: 135cdbb7a

Time (s): cpu = 00:00:09 ; elapsed = 00:00:06 . Memory (MB): peak = 1838.535 ; gain = 0.000
Phase 2.5 Global Place Phase2 | Checksum: 19ab03992

Time (s): cpu = 00:00:09 ; elapsed = 00:00:06 . Memory (MB): peak = 1838.535 ; gain = 0.000
Phase 2 Global Placement | Checksum: 19ab03992

Time (s): cpu = 00:00:10 ; elapsed = 00:00:06 . Memory (MB): peak = 1838.535 ; gain = 0.000

Phase 3 Detail Placement

Phase 3.1 Commit Multi Column Macros
Phase 3.1 Commit Multi Column Macros | Checksum: 1cd20fd6c

Time (s): cpu = 00:00:10 ; elapsed = 00:00:07 . Memory (MB): peak = 1838.535 ; gain = 0.000

Phase 3.2 Commit Most Macros & LUTRAMs
Phase 3.2 Commit Most Macros & LUTRAMs | Checksum: 13875a953

Time (s): cpu = 00:00:11 ; elapsed = 00:00:07 . Memory (MB): peak = 1838.535 ; gain = 0.000

Phase 3.3 Area Swap Optimization
Phase 3.3 Area Swap Optimization | Checksum: ef03c0d3

Time (s): cpu = 00:00:11 ; elapsed = 00:00:07 . Memory (MB): peak = 1838.535 ; gain = 0.000

Phase 3.4 Pipeline Register Optimization
Phase 3.4 Pipeline Register Optimization | Checksum: 1977efafb

Time (s): cpu = 00:00:11 ; elapsed = 00:00:07 . Memory (MB): peak = 1838.535 ; gain = 0.000

Phase 3.5 Small Shape Detail Placement
Phase 3.5 Small Shape Detail Placement | Checksum: 2433e439a

Time (s): cpu = 00:00:13 ; elapsed = 00:00:09 . Memory (MB): peak = 1838.535 ; gain = 0.000

Phase 3.6 Re-assign LUT pins
Phase 3.6 Re-assign LUT pins | Checksum: 1c59e1b63

Time (s): cpu = 00:00:13 ; elapsed = 00:00:09 . Memory (MB): peak = 1838.535 ; gain = 0.000

Phase 3.7 Pipeline Register Optimization
Phase 3.7 Pipeline Register Optimization | Checksum: 100a0a702

Time (s): cpu = 00:00:13 ; elapsed = 00:00:09 . Memory (MB): peak = 1838.535 ; gain = 0.000
Phase 3 Detail Placement | Checksum: 100a0a702

Time (s): cpu = 00:00:13 ; elapsed = 00:00:09 . Memory (MB): peak = 1838.535 ; gain = 0.000

Phase 4 Post Placement Optimization and Clean-Up

Phase 4.1 Post Commit Optimization
INFO: [Timing 38-35] Done setting XDC timing constraints.

Phase 4.1.1 Post Placement Optimization
Post Placement Optimization Initialization | Checksum: 1503b115c

Phase 4.1.1.1 BUFG Insertion

Starting Physical Synthesis Task

Phase 1 Physical Synthesis Initialization
INFO: [Physopt 32-721] Multithreading enabled for phys_opt_design using a maximum of 2 CPUs
INFO: [Physopt 32-619] Estimated Timing Summary | WNS=0.104 | TNS=0.000 |
Phase 1 Physical Synthesis Initialization | Checksum: 1839867d5

Time (s): cpu = 00:00:01 ; elapsed = 00:00:00.130 . Memory (MB): peak = 1857.492 ; gain = 0.000
INFO: [Place 46-56] BUFG insertion identified 0 candidate nets. Inserted BUFG: 0, Replicated BUFG Driver: 0, Skipped due to Placement/Routing Conflicts: 0, Skipped due to Timing Degradation: 0, Skipped due to netlist editing failed: 0.
Ending Physical Synthesis Task | Checksum: 1fbce7b1d

Time (s): cpu = 00:00:01 ; elapsed = 00:00:00.160 . Memory (MB): peak = 1857.492 ; gain = 0.000
Phase 4.1.1.1 BUFG Insertion | Checksum: 1503b115c

Time (s): cpu = 00:00:15 ; elapsed = 00:00:10 . Memory (MB): peak = 1857.492 ; gain = 18.957

Phase 4.1.1.2 Post Placement Timing Optimization
INFO: [Place 30-746] Post Placement Timing Summary WNS=0.518. For the most accurate timing information please run report_timing.
Phase 4.1.1.2 Post Placement Timing Optimization | Checksum: 142df66d6

Time (s): cpu = 00:00:16 ; elapsed = 00:00:12 . Memory (MB): peak = 1857.492 ; gain = 18.957

Time (s): cpu = 00:00:16 ; elapsed = 00:00:12 . Memory (MB): peak = 1857.492 ; gain = 18.957
Phase 4.1 Post Commit Optimization | Checksum: 142df66d6

Time (s): cpu = 00:00:16 ; elapsed = 00:00:12 . Memory (MB): peak = 1857.492 ; gain = 18.957

Phase 4.2 Post Placement Cleanup
Phase 4.2 Post Placement Cleanup | Checksum: 142df66d6

Time (s): cpu = 00:00:16 ; elapsed = 00:00:12 . Memory (MB): peak = 1857.492 ; gain = 18.957

Phase 4.3 Placer Reporting

Phase 4.3.1 Print Estimated Congestion
INFO: [Place 30-612] Post-Placement Estimated Congestion 
 ____________________________________________________
|           | Global Congestion | Short Congestion  |
| Direction | Region Size       | Region Size       |
|___________|___________________|___________________|
|      North|                1x1|                2x2|
|___________|___________________|___________________|
|      South|                1x1|                2x2|
|___________|___________________|___________________|
|       East|                1x1|                1x1|
|___________|___________________|___________________|
|       West|                1x1|                1x1|
|___________|___________________|___________________|

Phase 4.3.1 Print Estimated Congestion | Checksum: 142df66d6

Time (s): cpu = 00:00:16 ; elapsed = 00:00:12 . Memory (MB): peak = 1857.492 ; gain = 18.957
Phase 4.3 Placer Reporting | Checksum: 142df66d6

Time (s): cpu = 00:00:17 ; elapsed = 00:00:12 . Memory (MB): peak = 1857.492 ; gain = 18.957

Phase 4.4 Final Placement Cleanup
Netlist sorting complete. Time (s): cpu = 00:00:00 ; elapsed = 00:00:00.002 . Memory (MB): peak = 1857.492 ; gain = 0.000

Time (s): cpu = 00:00:17 ; elapsed = 00:00:12 . Memory (MB): peak = 1857.492 ; gain = 18.957
Phase 4 Post Placement Optimization and Clean-Up | Checksum: f7b7a3e1

Time (s): cpu = 00:00:17 ; elapsed = 00:00:12 . Memory (MB): peak = 1857.492 ; gain = 18.957
Ending Placer Task | Checksum: d9c6e053

Time (s): cpu = 00:00:17 ; elapsed = 00:00:12 . Memory (MB): peak = 1857.492 ; gain = 18.957
73 Infos, 0 Warnings, 0 Critical Warnings and 0 Errors encountered.
place_design completed successfully
place_design: Time (s): cpu = 00:00:21 ; elapsed = 00:00:15 . Memory (MB): peak = 1857.492 ; gain = 18.957
INFO: [Vivado 12-24838] Running report commands "report_control_sets, report_io, report_utilization" in parallel.
Running report generation with 2 threads.
INFO: [Vivado 12-24828] Executing command : report_utilization -file PROCESSOR_utilization_placed.rpt -pb PROCESSOR_utilization_placed.pb
INFO: [Vivado 12-24828] Executing command : report_control_sets -verbose -file PROCESSOR_control_sets_placed.rpt
report_control_sets: Time (s): cpu = 00:00:00 ; elapsed = 00:00:00.014 . Memory (MB): peak = 1857.492 ; gain = 0.000
INFO: [Vivado 12-24828] Executing command : report_io -file PROCESSOR_io_placed.rpt
report_io: Time (s): cpu = 00:00:00 ; elapsed = 00:00:00.128 . Memory (MB): peak = 1857.492 ; gain = 0.000
INFO: [Timing 38-480] Writing timing data to binary archive.
Write ShapeDB Complete: Time (s): cpu = 00:00:00 ; elapsed = 00:00:00.023 . Memory (MB): peak = 1859.129 ; gain = 0.035
Wrote PlaceDB: Time (s): cpu = 00:00:01 ; elapsed = 00:00:00.316 . Memory (MB): peak = 1859.129 ; gain = 0.000
Wrote PulsedLatchDB: Time (s): cpu = 00:00:00 ; elapsed = 00:00:00 . Memory (MB): peak = 1859.129 ; gain = 0.000
Writing XDEF routing.
Writing XDEF routing logical nets.
Writing XDEF routing special nets.
Wrote RouteStorage: Time (s): cpu = 00:00:00 ; elapsed = 00:00:00.031 . Memory (MB): peak = 1859.129 ; gain = 0.000
Wrote Netlist Cache: Time (s): cpu = 00:00:00 ; elapsed = 00:00:00.006 . Memory (MB): peak = 1859.129 ; gain = 0.000
Wrote Device Cache: Time (s): cpu = 00:00:00 ; elapsed = 00:00:00.013 . Memory (MB): peak = 1859.129 ; gain = 0.000
Write Physdb Complete: Time (s): cpu = 00:00:01 ; elapsed = 00:00:00.376 . Memory (MB): peak = 1859.129 ; gain = 0.000
INFO: [Common 17-1381] The checkpoint 'C:/Users/shash/RISC_V32bit/RISC_V32bit.runs/impl_1/PROCESSOR_placed.dcp' has been generated.
Command: phys_opt_design
Attempting to get a license for feature 'Implementation' and/or device 'xc7z020'
INFO: [Common 17-349] Got license for feature 'Implementation' and/or device 'xc7z020'

Starting Initial Update Timing Task

Time (s): cpu = 00:00:01 ; elapsed = 00:00:00.581 . Memory (MB): peak = 1859.129 ; gain = 0.000
INFO: [Vivado_Tcl 4-2279] Estimated Timing Summary | WNS= 0.518 | TNS= 0.000 | 
INFO: [Vivado_Tcl 4-383] Design worst setup slack (WNS) is greater than or equal to 0.000 ns. All physical synthesis setup optimizations will be skipped.
INFO: [Vivado_Tcl 4-232] No setup violation found. The netlist was not modified.
INFO: [Common 17-83] Releasing license: Implementation
84 Infos, 0 Warnings, 0 Critical Warnings and 0 Errors encountered.
phys_opt_design completed successfully
Write ShapeDB Complete: Time (s): cpu = 00:00:00 ; elapsed = 00:00:00.023 . Memory (MB): peak = 1871.301 ; gain = 0.000
INFO: [Timing 38-480] Writing timing data to binary archive.
Wrote PlaceDB: Time (s): cpu = 00:00:01 ; elapsed = 00:00:00.352 . Memory (MB): peak = 1871.301 ; gain = 0.000
Wrote PulsedLatchDB: Time (s): cpu = 00:00:00 ; elapsed = 00:00:00 . Memory (MB): peak = 1871.301 ; gain = 0.000
Writing XDEF routing.
Writing XDEF routing logical nets.
Writing XDEF routing special nets.
Wrote RouteStorage: Time (s): cpu = 00:00:00 ; elapsed = 00:00:00.035 . Memory (MB): peak = 1871.301 ; gain = 0.000
Wrote Netlist Cache: Time (s): cpu = 00:00:00 ; elapsed = 00:00:00.005 . Memory (MB): peak = 1871.301 ; gain = 0.000
Wrote Device Cache: Time (s): cpu = 00:00:00 ; elapsed = 00:00:00.015 . Memory (MB): peak = 1871.301 ; gain = 0.000
Write Physdb Complete: Time (s): cpu = 00:00:01 ; elapsed = 00:00:00.417 . Memory (MB): peak = 1871.301 ; gain = 0.000
INFO: [Common 17-1381] The checkpoint 'C:/Users/shash/RISC_V32bit/RISC_V32bit.runs/impl_1/PROCESSOR_physopt.dcp' has been generated.
Command: route_design
Attempting to get a license for feature 'Implementation' and/or device 'xc7z020'
INFO: [Common 17-349] Got license for feature 'Implementation' and/or device 'xc7z020'


Starting Routing Task
INFO: [Route 35-254] Multithreading enabled for route_design using a maximum of 2 CPUs

Phase 1 Build RT Design
Checksum: PlaceDB: 4accb396 ConstDB: 0 ShapeSum: 7900b9cd RouteDB: 15f972f0
Post Restoration Checksum: NetGraph: eec8df6 | NumContArr: 135c288b | Constraints: c2a8fa9d | Timing: c2a8fa9d
Phase 1 Build RT Design | Checksum: 1a79aabbb

Time (s): cpu = 00:00:53 ; elapsed = 00:00:50 . Memory (MB): peak = 1974.656 ; gain = 103.355

Phase 2 Router Initialization

Phase 2.1 Fix Topology Constraints
Phase 2.1 Fix Topology Constraints | Checksum: 1a79aabbb

Time (s): cpu = 00:00:53 ; elapsed = 00:00:50 . Memory (MB): peak = 1974.656 ; gain = 103.355

Phase 2.2 Pre Route Cleanup
Phase 2.2 Pre Route Cleanup | Checksum: 1a79aabbb

Time (s): cpu = 00:00:53 ; elapsed = 00:00:50 . Memory (MB): peak = 1974.656 ; gain = 103.355
 Number of Nodes with overlaps = 0

Phase 2.3 Update Timing
Phase 2.3 Update Timing | Checksum: 24009f952

Time (s): cpu = 00:00:55 ; elapsed = 00:00:51 . Memory (MB): peak = 2011.168 ; gain = 139.867
INFO: [Route 35-416] Intermediate Timing Summary | WNS=0.818  | TNS=0.000  | WHS=-0.236 | THS=-131.232|


Phase 2.4 Soft Constraint Pins - Fast Budgeting
Phase 2.4 Soft Constraint Pins - Fast Budgeting | Checksum: 19fcb36e4

Time (s): cpu = 00:00:56 ; elapsed = 00:00:52 . Memory (MB): peak = 2040.320 ; gain = 169.020

Router Utilization Summary
  Global Vertical Routing Utilization    = 0 %
  Global Horizontal Routing Utilization  = 0 %
  Routable Net Status*
  *Does not include unroutable nets such as driverless and loadless.
  Run report_route_status for detailed report.
  Number of Failed Nets               = 1837
    (Failed Nets is the sum of unrouted and partially routed nets)
  Number of Unrouted Nets             = 1837
  Number of Partially Routed Nets     = 0
  Number of Node Overlaps             = 0

Phase 2 Router Initialization | Checksum: 25b278128

Time (s): cpu = 00:00:56 ; elapsed = 00:00:52 . Memory (MB): peak = 2040.320 ; gain = 169.020

Phase 3 Global Routing
Phase 3 Global Routing | Checksum: 25b278128

Time (s): cpu = 00:00:56 ; elapsed = 00:00:52 . Memory (MB): peak = 2040.320 ; gain = 169.020

Phase 4 Initial Routing

Phase 4.1 Initial Net Routing Pass
Phase 4.1 Initial Net Routing Pass | Checksum: 1acfab4ae

Time (s): cpu = 00:00:58 ; elapsed = 00:00:53 . Memory (MB): peak = 2040.320 ; gain = 169.020
Phase 4 Initial Routing | Checksum: 1acfab4ae

Time (s): cpu = 00:00:58 ; elapsed = 00:00:53 . Memory (MB): peak = 2040.320 ; gain = 169.020

Phase 5 Rip-up And Reroute

Phase 5.1 Global Iteration 0
 Number of Nodes with overlaps = 605
 Number of Nodes with overlaps = 193
 Number of Nodes with overlaps = 116
 Number of Nodes with overlaps = 40
 Number of Nodes with overlaps = 22
 Number of Nodes with overlaps = 12
 Number of Nodes with overlaps = 5
 Number of Nodes with overlaps = 1
 Number of Nodes with overlaps = 0
INFO: [Route 35-416] Intermediate Timing Summary | WNS=0.747  | TNS=0.000  | WHS=N/A    | THS=N/A    |

Phase 5.1 Global Iteration 0 | Checksum: 2e30151ab

Time (s): cpu = 00:01:09 ; elapsed = 00:01:02 . Memory (MB): peak = 2040.320 ; gain = 169.020
Phase 5 Rip-up And Reroute | Checksum: 2e30151ab

Time (s): cpu = 00:01:09 ; elapsed = 00:01:02 . Memory (MB): peak = 2040.320 ; gain = 169.020

Phase 6 Delay and Skew Optimization

Phase 6.1 Delay CleanUp

Phase 6.1.1 Update Timing
Phase 6.1.1 Update Timing | Checksum: 20c5e8ec0

Time (s): cpu = 00:01:09 ; elapsed = 00:01:02 . Memory (MB): peak = 2040.320 ; gain = 169.020
INFO: [Route 35-416] Intermediate Timing Summary | WNS=0.862  | TNS=0.000  | WHS=N/A    | THS=N/A    |

Phase 6.1 Delay CleanUp | Checksum: 20c5e8ec0

Time (s): cpu = 00:01:09 ; elapsed = 00:01:02 . Memory (MB): peak = 2040.320 ; gain = 169.020

Phase 6.2 Clock Skew Optimization
Phase 6.2 Clock Skew Optimization | Checksum: 20c5e8ec0

Time (s): cpu = 00:01:09 ; elapsed = 00:01:02 . Memory (MB): peak = 2040.320 ; gain = 169.020
Phase 6 Delay and Skew Optimization | Checksum: 20c5e8ec0

Time (s): cpu = 00:01:09 ; elapsed = 00:01:02 . Memory (MB): peak = 2040.320 ; gain = 169.020

Phase 7 Post Hold Fix

Phase 7.1 Hold Fix Iter
INFO: [Route 35-416] Intermediate Timing Summary | WNS=0.862  | TNS=0.000  | WHS=0.076  | THS=0.000  |

Phase 7.1 Hold Fix Iter | Checksum: 2e67e6132

Time (s): cpu = 00:01:09 ; elapsed = 00:01:02 . Memory (MB): peak = 2040.320 ; gain = 169.020
Phase 7 Post Hold Fix | Checksum: 2e67e6132

Time (s): cpu = 00:01:09 ; elapsed = 00:01:02 . Memory (MB): peak = 2040.320 ; gain = 169.020

Phase 8 Route finalize

Router Utilization Summary
  Global Vertical Routing Utilization    = 0.614269 %
  Global Horizontal Routing Utilization  = 0.730646 %
  Routable Net Status*
  *Does not include unroutable nets such as driverless and loadless.
  Run report_route_status for detailed report.
  Number of Failed Nets               = 0
    (Failed Nets is the sum of unrouted and partially routed nets)
  Number of Unrouted Nets             = 0
  Number of Partially Routed Nets     = 0
  Number of Node Overlaps             = 0

Phase 8 Route finalize | Checksum: 2e67e6132

Time (s): cpu = 00:01:09 ; elapsed = 00:01:02 . Memory (MB): peak = 2040.320 ; gain = 169.020

Phase 9 Verifying routed nets

 Verification completed successfully
Phase 9 Verifying routed nets | Checksum: 2e67e6132

Time (s): cpu = 00:01:09 ; elapsed = 00:01:02 . Memory (MB): peak = 2040.320 ; gain = 169.020

Phase 10 Depositing Routes
Phase 10 Depositing Routes | Checksum: 2dc83bae1

Time (s): cpu = 00:01:10 ; elapsed = 00:01:03 . Memory (MB): peak = 2040.320 ; gain = 169.020

Phase 11 Post Process Routing
Phase 11 Post Process Routing | Checksum: 2dc83bae1

Time (s): cpu = 00:01:10 ; elapsed = 00:01:03 . Memory (MB): peak = 2040.320 ; gain = 169.020

Phase 12 Post Router Timing
INFO: [Route 35-57] Estimated Timing Summary | WNS=0.862  | TNS=0.000  | WHS=0.076  | THS=0.000  |

INFO: [Route 35-327] The final timing numbers are based on the router estimated timing analysis. For a complete and accurate timing signoff, please run report_timing_summary.
Phase 12 Post Router Timing | Checksum: 2dc83bae1

Time (s): cpu = 00:01:10 ; elapsed = 00:01:03 . Memory (MB): peak = 2040.320 ; gain = 169.020
Total Elapsed time in route_design: 62.63 secs

Phase 13 Post-Route Event Processing
Phase 13 Post-Route Event Processing | Checksum: 135ed10ae

Time (s): cpu = 00:01:10 ; elapsed = 00:01:03 . Memory (MB): peak = 2040.320 ; gain = 169.020
INFO: [Route 35-16] Router Completed Successfully
Ending Routing Task | Checksum: 135ed10ae

Time (s): cpu = 00:01:10 ; elapsed = 00:01:03 . Memory (MB): peak = 2040.320 ; gain = 169.020

Routing Is Done.
INFO: [Common 17-83] Releasing license: Implementation
96 Infos, 0 Warnings, 0 Critical Warnings and 0 Errors encountered.
route_design completed successfully
route_design: Time (s): cpu = 00:01:10 ; elapsed = 00:01:03 . Memory (MB): peak = 2040.320 ; gain = 169.020
INFO: [Vivado 12-24828] Executing command : report_drc -file PROCESSOR_drc_routed.rpt -pb PROCESSOR_drc_routed.pb -rpx PROCESSOR_drc_routed.rpx
Command: report_drc -file PROCESSOR_drc_routed.rpt -pb PROCESSOR_drc_routed.pb -rpx PROCESSOR_drc_routed.rpx
INFO: [IP_Flow 19-1839] IP Catalog is up to date.
INFO: [DRC 23-27] Running DRC with 2 threads
INFO: [Vivado_Tcl 2-168] The results of DRC are in file C:/Users/shash/RISC_V32bit/RISC_V32bit.runs/impl_1/PROCESSOR_drc_routed.rpt.
report_drc completed successfully
report_drc: Time (s): cpu = 00:00:11 ; elapsed = 00:00:06 . Memory (MB): peak = 2054.387 ; gain = 14.066
INFO: [Vivado 12-24828] Executing command : report_methodology -file PROCESSOR_methodology_drc_routed.rpt -pb PROCESSOR_methodology_drc_routed.pb -rpx PROCESSOR_methodology_drc_routed.rpx
Command: report_methodology -file PROCESSOR_methodology_drc_routed.rpt -pb PROCESSOR_methodology_drc_routed.pb -rpx PROCESSOR_methodology_drc_routed.rpx
INFO: [Timing 38-35] Done setting XDC timing constraints.
INFO: [DRC 23-133] Running Methodology with 2 threads
INFO: [Vivado_Tcl 2-1520] The results of Report Methodology are in file C:/Users/shash/RISC_V32bit/RISC_V32bit.runs/impl_1/PROCESSOR_methodology_drc_routed.rpt.
report_methodology completed successfully
report_methodology: Time (s): cpu = 00:00:11 ; elapsed = 00:00:06 . Memory (MB): peak = 2080.098 ; gain = 25.711
INFO: [Vivado 12-24828] Executing command : report_timing_summary -max_paths 10 -routable_nets -report_unconstrained -file PROCESSOR_timing_summary_routed.rpt -pb PROCESSOR_timing_summary_routed.pb -rpx PROCESSOR_timing_summary_routed.rpx -warn_on_violation 
INFO: [Timing 38-35] Done setting XDC timing constraints.
INFO: [Timing 38-91] UpdateTimingParams: Speed grade: -1, Delay Type: min_max.
INFO: [Timing 38-191] Multithreading enabled for timing update using a maximum of 2 CPUs
INFO: [Vivado 12-24838] Running report commands "report_incremental_reuse, report_route_status" in parallel.
Running report generation with 2 threads.
INFO: [Vivado 12-24828] Executing command : report_incremental_reuse -file PROCESSOR_incremental_reuse_routed.rpt
INFO: [Vivado_Tcl 4-1062] Incremental flow is disabled. No incremental reuse Info to report.
INFO: [Vivado 12-24828] Executing command : report_route_status -file PROCESSOR_route_status.rpt -pb PROCESSOR_route_status.pb
INFO: [Vivado 12-24828] Executing command : report_power -file PROCESSOR_power_routed.rpt -pb PROCESSOR_power_summary_routed.pb -rpx PROCESSOR_power_routed.rpx
Command: report_power -file PROCESSOR_power_routed.rpt -pb PROCESSOR_power_summary_routed.pb -rpx PROCESSOR_power_routed.rpx
Running Vector-less Activity Propagation...

Finished Running Vector-less Activity Propagation
113 Infos, 0 Warnings, 0 Critical Warnings and 0 Errors encountered.
report_power completed successfully
INFO: [Vivado 12-24828] Executing command : report_clock_utilization -file PROCESSOR_clock_utilization_routed.rpt
INFO: [Vivado 12-24828] Executing command : report_bus_skew -warn_on_violation -file PROCESSOR_bus_skew_routed.rpt -pb PROCESSOR_bus_skew_routed.pb -rpx PROCESSOR_bus_skew_routed.rpx
INFO: [Timing 38-91] UpdateTimingParams: Speed grade: -1, Delay Type: min_max.
INFO: [Timing 38-191] Multithreading enabled for timing update using a maximum of 2 CPUs
generate_parallel_reports: Time (s): cpu = 00:00:25 ; elapsed = 00:00:14 . Memory (MB): peak = 2080.098 ; gain = 39.777
INFO: [Timing 38-480] Writing timing data to binary archive.
Write ShapeDB Complete: Time (s): cpu = 00:00:00 ; elapsed = 00:00:00.022 . Memory (MB): peak = 2080.098 ; gain = 0.000
Wrote PlaceDB: Time (s): cpu = 00:00:01 ; elapsed = 00:00:00.317 . Memory (MB): peak = 2080.098 ; gain = 0.000
Wrote PulsedLatchDB: Time (s): cpu = 00:00:00 ; elapsed = 00:00:00 . Memory (MB): peak = 2080.098 ; gain = 0.000
Writing XDEF routing.
Writing XDEF routing logical nets.
Writing XDEF routing special nets.
Wrote RouteStorage: Time (s): cpu = 00:00:00 ; elapsed = 00:00:00.070 . Memory (MB): peak = 2080.098 ; gain = 0.000
Wrote Netlist Cache: Time (s): cpu = 00:00:00 ; elapsed = 00:00:00.006 . Memory (MB): peak = 2080.098 ; gain = 0.000
Wrote Device Cache: Time (s): cpu = 00:00:00 ; elapsed = 00:00:00.014 . Memory (MB): peak = 2080.098 ; gain = 0.000
Write Physdb Complete: Time (s): cpu = 00:00:01 ; elapsed = 00:00:00.417 . Memory (MB): peak = 2080.098 ; gain = 0.000
INFO: [Common 17-1381] The checkpoint 'C:/Users/shash/RISC_V32bit/RISC_V32bit.runs/impl_1/PROCESSOR_routed.dcp' has been generated.
INFO: [Common 17-206] Exiting Vivado at Fri Oct 31 16:32:23 2025...

*** Running vivado
    with args -log PROCESSOR.vdi -applog -m64 -product Vivado -messageDb vivado.pb -mode batch -source PROCESSOR.tcl -notrace



****** Vivado v2025.1 (64-bit)
  **** SW Build 6140274 on Thu May 22 00:12:29 MDT 2025
  **** IP Build 6138677 on Thu May 22 03:10:11 MDT 2025
  **** SharedData Build 6139179 on Tue May 20 17:58:58 MDT 2025
  **** Start of session at: Fri Oct 31 16:32:50 2025
    ** Copyright 1986-2022 Xilinx, Inc. All Rights Reserved.
    ** Copyright 2022-2025 Advanced Micro Devices, Inc. All Rights Reserved.

source PROCESSOR.tcl -notrace
Command: open_checkpoint PROCESSOR_routed.dcp
INFO: [Device 21-403] Loading part xc7z020clg484-1
Netlist sorting complete. Time (s): cpu = 00:00:00 ; elapsed = 00:00:00.022 . Memory (MB): peak = 745.328 ; gain = 0.000
INFO: [Netlist 29-17] Analyzing 209 Unisim elements for replacement
INFO: [Netlist 29-28] Unisim Transformation completed in 1 CPU seconds
INFO: [Project 1-479] Netlist was created with Vivado 2025.1
INFO: [Project 1-570] Preparing netlist for logic optimization
Read ShapeDB Complete: Time (s): cpu = 00:00:00 ; elapsed = 00:00:00.013 . Memory (MB): peak = 845.535 ; gain = 0.602
INFO: [Timing 38-478] Restoring timing data from binary archive.
INFO: [Timing 38-479] Binary timing data restore complete.
INFO: [Project 1-856] Restoring constraints from binary archive.
INFO: [Project 1-853] Binary constraint restore complete.
INFO: [Designutils 20-5722] Start Reading Physical Databases.
Reading placement.
Read Netlist Cache: Time (s): cpu = 00:00:00 ; elapsed = 00:00:00.004 . Memory (MB): peak = 1397.340 ; gain = 0.000
Reading placer database...
Read Device Cache: Time (s): cpu = 00:00:00 ; elapsed = 00:00:00.018 . Memory (MB): peak = 1397.340 ; gain = 0.000
Read PlaceDB: Time (s): cpu = 00:00:00 ; elapsed = 00:00:00.208 . Memory (MB): peak = 1397.340 ; gain = 0.000
Read PulsedLatchDB: Time (s): cpu = 00:00:00 ; elapsed = 00:00:00 . Memory (MB): peak = 1397.340 ; gain = 0.000
Reading routing.
Read RouteStorage: Time (s): cpu = 00:00:00 ; elapsed = 00:00:00.052 . Memory (MB): peak = 1397.340 ; gain = 0.000
Read Physdb Files: Time (s): cpu = 00:00:00 ; elapsed = 00:00:00.300 . Memory (MB): peak = 1397.340 ; gain = 0.000
Restored from archive | CPU: 0.000000 secs | Memory: 0.000000 MB |
Finished XDEF File Restore: Time (s): cpu = 00:00:00 ; elapsed = 00:00:00.370 . Memory (MB): peak = 1397.340 ; gain = 7.168
Netlist sorting complete. Time (s): cpu = 00:00:00 ; elapsed = 00:00:00.003 . Memory (MB): peak = 1397.340 ; gain = 0.000
INFO: [Project 1-111] Unisim Transformation Summary:
  A total of 128 instances were transformed.
  RAM256X1S => RAM256X1S (MUXF7(x2), MUXF8, RAMS64E(x4)): 128 instances

INFO: [Project 1-604] Checkpoint was created with Vivado v2025.1 (64-bit) build 6140274
open_checkpoint: Time (s): cpu = 00:00:32 ; elapsed = 00:00:29 . Memory (MB): peak = 1397.340 ; gain = 1110.465
Command: write_bitstream -force PROCESSOR.bit
Attempting to get a license for feature 'Implementation' and/or device 'xc7z020'
INFO: [Common 17-349] Got license for feature 'Implementation' and/or device 'xc7z020'
Running DRC as a precondition to command write_bitstream
INFO: [IP_Flow 19-234] Refreshing IP repositories
INFO: [IP_Flow 19-1704] No user IP repositories specified
INFO: [IP_Flow 19-2313] Loaded Vivado IP repository 'D:/vivado/2025.1/Vivado/data/ip'.
INFO: [DRC 23-27] Running DRC with 2 threads
INFO: [Vivado 12-3199] DRC finished with 0 Errors
INFO: [Vivado 12-3200] Please refer to the DRC report (report_drc) for more information.
INFO: [Designutils 20-2272] Running write_bitstream with 2 threads.
Loading data files...
Loading site data...
Loading route data...
Processing options...
Creating bitmap...
Creating bitstream...
Writing bitstream ./PROCESSOR.bit...
INFO: [Vivado 12-1842] Bitgen Completed Successfully.
INFO: [Project 1-1876] WebTalk data collection is mandatory when using a ULT device. To see the specific WebTalk data collected for your design, open the usage_statistics_webtalk.html or usage_statistics_webtalk.xml file in the implementation directory.
INFO: [Common 17-83] Releasing license: Implementation
23 Infos, 0 Warnings, 0 Critical Warnings and 0 Errors encountered.
write_bitstream completed successfully
write_bitstream: Time (s): cpu = 00:00:30 ; elapsed = 00:00:23 . Memory (MB): peak = 1993.430 ; gain = 596.090
INFO: [Common 17-206] Exiting Vivado at Fri Oct 31 16:33:46 2025...
